<?xml version="1.0" encoding="utf-8"?><testsuites name="pytest tests"><testsuite name="pytest" errors="0" failures="0" skipped="0" tests="19" time="2.209" timestamp="2026-08-21T06:20:56.347971+00:00" hostname="agent-env-e3c368ca-d1c3-46dd-9d2b-2ff4b6362309"><testcase classname="tests.test_multitenancy.TestPrimaryUserHasData" name="test_auth_me_test_user" time="0.151" /><testcase classname="tests.test_multitenancy.TestPrimaryUserHasData" name="test_menu_has_15" time="0.066" /><testcase classname="tests.test_multitenancy.TestPrimaryUserHasData" name="test_orders_nonempty" time="0.062" /><testcase classname="tests.test_multitenancy.TestPrimaryUserHasData" name="test_dashboard_reflects_data" time="0.061" /><testcase classname="tests.test_multitenancy.TestFreshUserZero" name="test_auth_me_fresh" time="0.061" /><testcase classname="tests.test_multitenancy.TestFreshUserZero" name="test_menu_15_preloaded" time="0.067" /><testcase classname="tests.test_multitenancy.TestFreshUserZero" name="test_settings_defaults" time="0.060" /><testcase classname="tests.test_multitenancy.TestFreshUserZero" name="test_orders_empty" time="0.064" /><testcase classname="tests.test_multitenancy.TestFreshUserZero" name="test_purchases_empty" time="0.061" /><testcase classname="tests.test_multitenancy.TestFreshUserZero" name="test_expenses_empty" time="0.061" /><testcase classname="tests.test_multitenancy.TestFreshUserZero" name="test_dashboard_zero" time="0.072" /><testcase classname="tests.test_multitenancy.TestFreshUserZero" name="test_reports_zero" time="0.061" /><testcase classname="tests.test_multitenancy.TestFreshUserZero" name="test_stock_empty" time="0.096" /><testcase classname="tests.test_multitenancy.TestDataIsolation" name="test_fresh_creates_order" time="0.060" /><testcase classname="tests.test_multitenancy.TestDataIsolation" name="test_order_isolation" time="0.120" /><testcase classname="tests.test_multitenancy.TestDataIsolation" name="test_fresh_creates_purchase" time="0.120" /><testcase classname="tests.test_multitenancy.TestDataIsolation" name="test_fresh_creates_expense" time="0.118" /><testcase classname="tests.test_multitenancy.TestDataIsolation" name="test_fresh_stock_only" time="0.062" /><testcase classname="tests.test_multitenancy.TestResetScope" name="test_reset_affects_only_fresh" time="0.726" /></testsuite></testsuites>