<?xml version="1.0" encoding="utf-8"?><testsuites name="pytest tests"><testsuite name="pytest" errors="0" failures="0" skipped="0" tests="25" time="1.552" timestamp="2026-08-21T05:42:40.556660+00:00" hostname="agent-env-e3c368ca-d1c3-46dd-9d2b-2ff4b6362309"><testcase classname="tests.test_aft_regression.TestAuthGating" name="test_menu_requires_auth" time="0.237" /><testcase classname="tests.test_aft_regression.TestOrderDiscount" name="test_percent_discount" time="0.277" /><testcase classname="tests.test_aft_regression.TestAuthGating" name="test_orders_requires_auth" time="0.081" /><testcase classname="tests.test_aft_regression.TestOrderDiscount" name="test_fixed_discount" time="0.045" /><testcase classname="tests.test_aft_regression.TestAuthGating" name="test_dashboard_requires_auth" time="0.043" /><testcase classname="tests.test_aft_regression.TestOrderDiscount" name="test_none_discount" time="0.091" /><testcase classname="tests.test_aft_regression.TestAuthGating" name="test_menu_ok_with_token" time="0.044" /><testcase classname="tests.test_aft_regression.TestAuthGating" name="test_auth_me" time="0.075" /><testcase classname="tests.test_aft_regression.TestOrderDiscount" name="test_reject_empty_items" time="0.088" /><testcase classname="tests.test_aft_regression.TestExports" name="test_csv_sales" time="0.045" /><testcase classname="tests.test_aft_regression.TestOrderDiscount" name="test_reject_negative_tips" time="0.051" /><testcase classname="tests.test_aft_regression.TestExports" name="test_csv_expenses" time="0.082" /><testcase classname="tests.test_aft_regression.TestOrderDiscount" name="test_reject_negative_discount" time="0.045" /><testcase classname="tests.test_aft_regression.TestOrderDiscount" name="test_reports_uses_net_sales" time="0.049" /><testcase classname="tests.test_aft_regression.TestExports" name="test_csv_purchases" time="0.085" /><testcase classname="tests.test_aft_regression.TestOrderDiscount" name="test_dashboard_discount_field" time="0.052" /><testcase classname="tests.test_aft_regression.TestExports" name="test_csv_unknown" time="0.084" /><testcase classname="tests.test_aft_regression.TestOrderDiscount" name="test_zzz_cleanup" time="0.185" /><testcase classname="tests.test_aft_regression.TestExports" name="test_pdf_report" time="0.052" /><testcase classname="tests.test_aft_regression.TestSettings" name="test_get_settings" time="0.045" /><testcase classname="tests.test_aft_regression.TestSettings" name="test_put_settings" time="0.172" /><testcase classname="tests.test_aft_regression.TestStock" name="test_purchase_and_use" time="0.140" /><testcase classname="tests.test_aft_regression.TestStock" name="test_stock_aggregate" time="0.046" /><testcase classname="tests.test_aft_regression.TestLegacyOrders" name="test_legacy_order_fallback_to_subtotal" time="0.170" /><testcase classname="tests.test_aft_regression.TestStock" name="test_zzz_cleanup" time="0.136" /></testsuite></testsuites>